2018-03-31 20:08:07,210 INFO  [Logclass] **************************************************************************************** 
2018-03-31 20:08:07,226 INFO  [Logclass] **************************************************************************************** 
2018-03-31 20:08:07,226 INFO  [Logclass] $$$$$$$$$$$$$$$$$$$$$                 ReadExcelMain       $$$$$$$$$$$$$$$$$$$$$$$$$ 
2018-03-31 20:08:07,226 INFO  [Logclass] **************************************************************************************** 
2018-03-31 20:08:07,226 INFO  [Logclass] **************************************************************************************** 
2018-03-31 20:08:08,587 INFO  [Logclass] The workbook type was validatated to be xlsx 
2018-03-31 20:08:08,603 INFO  [Logclass] The row count was returned 
2018-03-31 20:08:08,621 INFO  [Logclass] cell data was retrived 
2018-03-31 20:08:08,621 INFO  [Logclass] cell data was retrived 
2018-03-31 20:08:08,621 INFO  [Logclass] cell data was retrived 
2018-03-31 20:08:08,621 INFO  [Logclass] cell data was retrived 
2018-03-31 20:08:08,621 INFO  [Logclass] XXXXXXXXXXXXXXXXXXXXXXX             -E---N---D-             XXXXXXXXXXXXXXXXXXXXXX 
2018-03-31 20:08:08,621 INFO  [Logclass] X 
2018-03-31 20:08:08,621 INFO  [Logclass] X 
2018-03-31 20:08:08,621 INFO  [Logclass] X 
2018-03-31 20:08:08,621 INFO  [Logclass] X 
2018-03-31 20:09:10,892 INFO  [Logclass] **************************************************************************************** 
2018-03-31 20:09:10,892 INFO  [Logclass] **************************************************************************************** 
2018-03-31 20:09:10,892 INFO  [Logclass] $$$$$$$$$$$$$$$$$$$$$                 ReadExcelMain       $$$$$$$$$$$$$$$$$$$$$$$$$ 
2018-03-31 20:09:10,892 INFO  [Logclass] **************************************************************************************** 
2018-03-31 20:09:10,892 INFO  [Logclass] **************************************************************************************** 
2018-03-31 20:09:12,603 INFO  [Logclass] The workbook type was validatated to be xlsx 
2018-03-31 20:09:12,603 INFO  [Logclass] The row count was returned 
2018-03-31 20:09:12,635 INFO  [Logclass] cell data was retrived 
2018-03-31 20:09:12,635 INFO  [Logclass] cell data was retrived 
2018-03-31 20:09:12,635 INFO  [Logclass] cell data was retrived 
2018-03-31 20:09:12,635 INFO  [Logclass] cell data was retrived 
2018-03-31 20:09:12,635 INFO  [Logclass] XXXXXXXXXXXXXXXXXXXXXXX             -E---N---D-             XXXXXXXXXXXXXXXXXXXXXX 
2018-03-31 20:09:12,635 INFO  [Logclass] X 
2018-03-31 20:09:12,635 INFO  [Logclass] X 
2018-03-31 20:09:12,635 INFO  [Logclass] X 
2018-03-31 20:09:12,635 INFO  [Logclass] X 
2018-03-31 20:10:31,116 INFO  [Logclass] **************************************************************************************** 
2018-03-31 20:10:31,116 INFO  [Logclass] **************************************************************************************** 
2018-03-31 20:10:31,116 INFO  [Logclass] $$$$$$$$$$$$$$$$$$$$$                 ReadExcelMain       $$$$$$$$$$$$$$$$$$$$$$$$$ 
2018-03-31 20:10:31,116 INFO  [Logclass] **************************************************************************************** 
2018-03-31 20:10:31,116 INFO  [Logclass] **************************************************************************************** 
2018-03-31 20:10:32,505 INFO  [Logclass] The workbook type was validatated to be xlsx 
2018-03-31 20:10:32,505 INFO  [Logclass] The row count was returned 
2018-03-31 20:10:32,530 INFO  [Logclass] cell data was retrived 
2018-03-31 20:10:32,530 INFO  [Logclass] cell data was retrived 
2018-03-31 20:10:32,530 INFO  [Logclass] cell data was retrived 
2018-03-31 20:10:32,530 INFO  [Logclass] cell data was retrived 
2018-03-31 20:10:32,530 INFO  [Logclass] XXXXXXXXXXXXXXXXXXXXXXX             -E---N---D-             XXXXXXXXXXXXXXXXXXXXXX 
2018-03-31 20:10:32,530 INFO  [Logclass] X 
2018-03-31 20:10:32,530 INFO  [Logclass] X 
2018-03-31 20:10:32,530 INFO  [Logclass] X 
2018-03-31 20:10:32,530 INFO  [Logclass] X 
